Drill report for ESP32_Blind.kicad_pcb
Created on 25/01/2022 19:48:32

Copper Layer Stackup:
    =============================================================
    L1 :  F.Cu                      front
    L2 :  B.Cu                      back


Drill file 'ESP32_Blind-PTH.drl' contains
    plated through holes:
    =============================================================
    T1  0.400mm  0.0157"  (17 holes)
    T2  0.800mm  0.0315"  (16 holes)
    T3  1.000mm  0.0394"  (3 holes)
    T4  1.020mm  0.0402"  (2 holes)
    T5  1.190mm  0.0469"  (4 holes)

    Total plated holes count 42


Drill file 'ESP32_Blind-NPTH.drl' contains
    unplated through holes:
    =============================================================
    T1  3.000mm  0.1181"  (1 hole)

    Total unplated holes count 1
